<?xml version="1.0" encoding="UTF-8"?>
<testsuite name="EmpleadoPruebas" tests="2" skipped="0" failures="0" errors="0" timestamp="2023-04-28T20:35:13" hostname="iMac-de-Jesus.local" time="0.019">
  <properties/>
  <testcase name="PruebascalcularSueldoConHorasExtra()" classname="EmpleadoPruebas" time="0.018"/>
  <testcase name="PruebascalcularSueldoBase()" classname="EmpleadoPruebas" time="0.001"/>
  <system-out><![CDATA[]]></system-out>
  <system-err><![CDATA[]]></system-err>
</testsuite>
